<?xml version="1.0" encoding="UTF-8"?>
<!-- Generated by org.testng.reporters.JUnitXMLReporter -->
<testsuite ignored="0" hostname="DESKTOP-F52EDBA" failures="1" tests="5" name="Test" time="0.147" errors="0" timestamp="2023-03-14T10:24:35 IST">
  <testcase classname="practice.ListenerPracticeTest" name="test1" time="0.011"/>
  <testcase classname="practice.ListenerPracticeTest" name="test2" time="0.008">
    <skipped/>
  </testcase> <!-- test2 -->
  <testcase classname="practice.ListenerPracticeTest" name="test2" time="0.002">
    <skipped/>
  </testcase> <!-- test2 -->
  <testcase classname="practice.ListenerPracticeTest" name="test2" time="0.002">
    <skipped/>
  </testcase> <!-- test2 -->
  <testcase classname="practice.ListenerPracticeTest" name="test2" time="0.002">
    <failure type="java.lang.AssertionError" message="null">
      <![CDATA[java.lang.AssertionError: null
at practice.ListenerPracticeTest.test2(ListenerPracticeTest.java:21)
at java.base/java.util.ArrayList.forEach(ArrayList.java:1511)
... Removed 29 stack frames]]>
    </failure>
  </testcase> <!-- test2 -->
</testsuite> <!-- Test -->
