<?xml version="1.0" encoding="UTF-8"?>
<testng-results ignored="0" total="1" passed="1" failed="0" skipped="0">
  <reporter-output>
  </reporter-output>
  <suite started-at="2023-03-26T17:10:36 IST" name="Default suite" finished-at="2023-03-26T17:10:43 IST" duration-ms="6912">
    <groups>
    </groups>
    <test started-at="2023-03-26T17:10:36 IST" name="Default test" finished-at="2023-03-26T17:10:43 IST" duration-ms="6912">
      <class name="practice.MavenCMDParameters2Test">
        <test-method signature="mvnCMDTest()[pri:0, instance:practice.MavenCMDParameters2Test@7e7be63f]" started-at="2023-03-26T17:10:36 IST" name="mvnCMDTest" finished-at="2023-03-26T17:10:43 IST" duration-ms="6867" status="PASS">
          <reporter-output>
          </reporter-output>
        </test-method> <!-- mvnCMDTest -->
      </class> <!-- practice.MavenCMDParameters2Test -->
    </test> <!-- Default test -->
  </suite> <!-- Default suite -->
</testng-results>
