<?xml version="1.0" encoding="UTF-8"?>
<testng-results ignored="0" total="1" passed="1" failed="0" skipped="0">
  <reporter-output>
  </reporter-output>
  <suite started-at="2023-03-26T12:50:51 IST" name="Default suite" finished-at="2023-03-26T12:50:51 IST" duration-ms="58">
    <groups>
    </groups>
    <test started-at="2023-03-26T12:50:51 IST" name="Default test" finished-at="2023-03-26T12:50:51 IST" duration-ms="58">
      <class name="practice.MavenCMDParametersTest">
        <test-method signature="parametersTest()[pri:0, instance:practice.MavenCMDParametersTest@611889f4]" started-at="2023-03-26T12:50:51 IST" name="parametersTest" finished-at="2023-03-26T12:50:51 IST" duration-ms="12" status="PASS">
          <reporter-output>
          </reporter-output>
        </test-method> <!-- parametersTest -->
      </class> <!-- practice.MavenCMDParametersTest -->
    </test> <!-- Default test -->
  </suite> <!-- Default suite -->
</testng-results>
